This is pdfTeX, Version 3.141592653-2.6-1.40.25 (TeX Live 2023) (preloaded format=latex 2023.10.12)  13 APR 2024 21:28
entering extended mode
 restricted \write18 enabled.
 %&-line parsing enabled.
**\makeatletter\def\HCode{\futurelet\HCode\HChar}\def\HChar{\ifx"\HCode\def\HCo
de"##1"{\Link##1}\expandafter\HCode\else\expandafter\Link\fi}\def\Link#1.a.b.c.
{\g@addto@macro\@documentclasshook{\RequirePackage[#1,html]{tex4ht}}\let\HCode\
documentstyle\def\documentstyle{\let\documentstyle\HCode\expandafter\def\csname
 tex4ht\endcsname{#1,html}\def\HCode####1{\documentstyle[tex4ht,}\@ifnextchar[{
\HCode}{\documentstyle[tex4ht]}}}\makeatother\HCode .a.b.c.\input  symmetric_po
lynomials.tex
 (./symmetric_polynomials.tex
(/usr/local/texlive/2023/texmf-dist/tex/latex/base/article.cls
Document Class: article 2022/07/02 v1.4n Standard LaTeX document class
(/usr/local/texlive/2023/texmf-dist/tex/latex/base/size10.clo
File: size10.clo 2022/07/02 v1.4n Standard LaTeX file (size option)
)
\c@part=\count185
\c@section=\count186
\c@subsection=\count187
\c@subsubsection=\count188
\c@paragraph=\count189
\c@subparagraph=\count190
\c@figure=\count191
\c@table=\count192
\abovecaptionskip=\skip48
\belowcaptionskip=\skip49
\bibindent=\dimen140
)
(/usr/local/texlive/2023/texmf-dist/tex/generic/tex4ht/tex4ht.sty
version 2023-02-03-14:48
Package: tex4ht 
--------------------------------------
--- Note --- for _ at preamble, use the command line option `early_'
--------------------------------------
--------------------------------------
--- Note --- for ^ at preamble, use the command line option `early^'
--------------------------------------
\tmp:toks=\toks16
)
(/usr/local/texlive/2023/texmf-dist/tex/generic/tex4ht/usepackage.4ht
version 2023-01-12-14:08
)
(/usr/local/texlive/2023/texmf-dist/tex/latex/graphics/graphicx.sty
Package: graphicx 2021/09/16 v1.2d Enhanced LaTeX Graphics (DPC,SPQR)

(/usr/local/texlive/2023/texmf-dist/tex/latex/graphics/keyval.sty
Package: keyval 2022/05/29 v1.15 key=value parser (DPC)
\KV@toks@=\toks17
)
(/usr/local/texlive/2023/texmf-dist/tex/generic/tex4ht/graphics-hooks.4ht
version 2022-08-17-14:25
)
(/usr/local/texlive/2023/texmf-dist/tex/latex/graphics/graphics.sty
Package: graphics 2022/03/10 v1.4e Standard LaTeX Graphics (DPC,SPQR)

(/usr/local/texlive/2023/texmf-dist/tex/latex/graphics/trig.sty
Package: trig 2021/08/11 v1.11 sin cos tan (DPC)
)
(/usr/local/texlive/2023/texmf-dist/tex/latex/graphics-cfg/graphics.cfg
File: graphics.cfg 2016/06/04 v1.11 sample graphics configuration
)
Package graphics Info: Driver file: dvips.def on input line 107.

(/usr/local/texlive/2023/texmf-dist/tex/latex/graphics-def/dvips.def
File: dvips.def 2022/09/22 v3.1e Graphics/color driver for dvips
))
\Gin@req@height=\dimen141
\Gin@req@width=\dimen142
)
(/usr/local/texlive/2023/texmf-dist/tex/latex/amsmath/amsmath.sty
Package: amsmath 2022/04/08 v2.17n AMS math features
\@mathmargin=\skip50

For additional information on amsmath, use the `?' option.
(/usr/local/texlive/2023/texmf-dist/tex/latex/amsmath/amstext.sty
Package: amstext 2021/08/26 v2.01 AMS text

(/usr/local/texlive/2023/texmf-dist/tex/latex/amsmath/amsgen.sty
File: amsgen.sty 1999/11/30 v2.0 generic functions
\@emptytoks=\toks18
\ex@=\dimen143
))
(/usr/local/texlive/2023/texmf-dist/tex/latex/amsmath/amsbsy.sty
Package: amsbsy 1999/11/29 v1.2d Bold Symbols
\pmbraise@=\dimen144
)
(/usr/local/texlive/2023/texmf-dist/tex/latex/amsmath/amsopn.sty
Package: amsopn 2022/04/08 v2.04 operator names
)
\inf@bad=\count193
LaTeX Info: Redefining \frac on input line 234.
\uproot@=\count194
\leftroot@=\count195
LaTeX Info: Redefining \overline on input line 399.
LaTeX Info: Redefining \colon on input line 410.
\classnum@=\count196
\DOTSCASE@=\count197
LaTeX Info: Redefining \ldots on input line 496.
LaTeX Info: Redefining \dots on input line 499.
LaTeX Info: Redefining \cdots on input line 620.
\Mathstrutbox@=\box51
\strutbox@=\box52
LaTeX Info: Redefining \big on input line 722.
LaTeX Info: Redefining \Big on input line 723.
LaTeX Info: Redefining \bigg on input line 724.
LaTeX Info: Redefining \Bigg on input line 725.
\big@size=\dimen145
LaTeX Font Info:    Redeclaring font encoding OML on input line 743.
LaTeX Font Info:    Redeclaring font encoding OMS on input line 744.
\macc@depth=\count198
LaTeX Info: Redefining \bmod on input line 905.
LaTeX Info: Redefining \pmod on input line 910.
LaTeX Info: Redefining \smash on input line 940.
LaTeX Info: Redefining \relbar on input line 970.
LaTeX Info: Redefining \Relbar on input line 971.
\c@MaxMatrixCols=\count199
\dotsspace@=\muskip16
\c@parentequation=\count266
\dspbrk@lvl=\count267
\tag@help=\toks19
\row@=\count268
\column@=\count269
\maxfields@=\count270
\andhelp@=\toks20
\eqnshift@=\dimen146
\alignsep@=\dimen147
\tagshift@=\dimen148
\tagwidth@=\dimen149
\totwidth@=\dimen150
\lineht@=\dimen151
\@envbody=\toks21
\multlinegap=\skip51
\multlinetaggap=\skip52
\mathdisplay@stack=\toks22
LaTeX Info: Redefining \[ on input line 2953.
LaTeX Info: Redefining \] on input line 2954.
)
(/usr/local/texlive/2023/texmf-dist/tex/latex/amsfonts/amssymb.sty
Package: amssymb 2013/01/14 v3.01 AMS font symbols

(/usr/local/texlive/2023/texmf-dist/tex/latex/amsfonts/amsfonts.sty
Package: amsfonts 2013/01/14 v3.01 Basic AMSFonts support
\symAMSa=\mathgroup4
\symAMSb=\mathgroup5
LaTeX Font Info:    Redeclaring math symbol \hbar on input line 98.
LaTeX Font Info:    Overwriting math alphabet `\mathfrak' in version `bold'
(Font)                  U/euf/m/n --> U/euf/b/n on input line 106.
))
(/usr/local/texlive/2023/texmf-dist/tex/generic/tex4ht/biblatex-hooks.4ht
version 2021-11-05-15:12
)
(/usr/local/texlive/2023/texmf-dist/tex/latex/biblatex/biblatex.sty
Package: biblatex 2023/03/05 v3.19 programmable bibliographies (PK/MW)

(/usr/local/texlive/2023/texmf-dist/tex/generic/pdftexcmds/pdftexcmds.sty
Package: pdftexcmds 2020-06-27 v0.33 Utility functions of pdfTeX for LuaTeX (HO
)

(/usr/local/texlive/2023/texmf-dist/tex/generic/infwarerr/infwarerr.sty
Package: infwarerr 2019/12/03 v1.5 Providing info/warning/error messages (HO)
)
(/usr/local/texlive/2023/texmf-dist/tex/generic/iftex/iftex.sty
Package: iftex 2022/02/03 v1.0f TeX engine tests
)
(/usr/local/texlive/2023/texmf-dist/tex/generic/ltxcmds/ltxcmds.sty
Package: ltxcmds 2020-05-10 v1.25 LaTeX kernel commands for general use (HO)
)
Package pdftexcmds Info: \pdf@primitive is available.
Package pdftexcmds Info: \pdf@ifprimitive is available.
Package pdftexcmds Info: \pdfdraftmode is ignored in DVI mode.
)
(/usr/local/texlive/2023/texmf-dist/tex/latex/etoolbox/etoolbox.sty
Package: etoolbox 2020/10/05 v2.5k e-TeX tools for LaTeX (JAW)
\etb@tempcnta=\count271
)
(/usr/local/texlive/2023/texmf-dist/tex/latex/kvoptions/kvoptions.sty
Package: kvoptions 2022-06-15 v3.15 Key value format for package options (HO)

(/usr/local/texlive/2023/texmf-dist/tex/latex/kvsetkeys/kvsetkeys.sty
Package: kvsetkeys 2022-10-05 v1.19 Key value parser (HO)
))
(/usr/local/texlive/2023/texmf-dist/tex/latex/logreq/logreq.sty
Package: logreq 2010/08/04 v1.0 xml request logger
\lrq@indent=\count272

(/usr/local/texlive/2023/texmf-dist/tex/latex/logreq/logreq.def
File: logreq.def 2010/08/04 v1.0 logreq spec v1.0
))
(/usr/local/texlive/2023/texmf-dist/tex/latex/base/ifthen.sty
Package: ifthen 2022/04/13 v1.1d Standard LaTeX ifthen package (DPC)
)
(/usr/local/texlive/2023/texmf-dist/tex/latex/url/url.sty
\Urlmuskip=\muskip17
Package: url 2013/09/16  ver 3.4  Verb mode for urls, etc.
)
\c@tabx@nest=\count273
\c@listtotal=\count274
\c@listcount=\count275
\c@liststart=\count276
\c@liststop=\count277
\c@citecount=\count278
\c@citetotal=\count279
\c@multicitecount=\count280
\c@multicitetotal=\count281
\c@instcount=\count282
\c@maxnames=\count283
\c@minnames=\count284
\c@maxitems=\count285
\c@minitems=\count286
\c@citecounter=\count287
\c@maxcitecounter=\count288
\c@savedcitecounter=\count289
\c@uniquelist=\count290
\c@uniquename=\count291
\c@refsection=\count292
\c@refsegment=\count293
\c@maxextratitle=\count294
\c@maxextratitleyear=\count295
\c@maxextraname=\count296
\c@maxextradate=\count297
\c@maxextraalpha=\count298
\c@abbrvpenalty=\count299
\c@highnamepenalty=\count300
\c@lownamepenalty=\count301
\c@maxparens=\count302
\c@parenlevel=\count303
\blx@tempcnta=\count304
\blx@tempcntb=\count305
\blx@tempcntc=\count306
\c@blx@maxsection=\count307
\blx@maxsegment@0=\count308
\blx@notetype=\count309
\blx@parenlevel@text=\count310
\blx@parenlevel@foot=\count311
\blx@sectionciteorder@0=\count312
\blx@sectionciteorderinternal@0=\count313
\blx@entrysetcounter=\count314
\blx@biblioinstance=\count315
\labelnumberwidth=\skip53
\labelalphawidth=\skip54
\biblabelsep=\skip55
\bibitemsep=\skip56
\bibnamesep=\skip57
\bibinitsep=\skip58
\bibparsep=\skip59
\bibhang=\skip60
\blx@bcfin=\read2
\blx@bcfout=\write3
\blx@langwohyphens=\language87
\c@mincomprange=\count316
\c@maxcomprange=\count317
\c@mincompwidth=\count318
Package biblatex Info: Trying to load biblatex default data model...
Package biblatex Info: ... file 'blx-dm.def' found.

(/usr/local/texlive/2023/texmf-dist/tex/latex/biblatex/blx-dm.def
File: blx-dm.def 2023/03/05 v3.19 biblatex localization (PK/MW)
)
Package biblatex Info: Trying to load biblatex custom data model...
Package biblatex Info: ... file 'biblatex-dm.cfg' not found.
\c@afterword=\count319
\c@savedafterword=\count320
\c@annotator=\count321
\c@savedannotator=\count322
\c@author=\count323
\c@savedauthor=\count324
\c@bookauthor=\count325
\c@savedbookauthor=\count326
\c@commentator=\count327
\c@savedcommentator=\count328
\c@editor=\count329
\c@savededitor=\count330
\c@editora=\count331
\c@savededitora=\count332
\c@editorb=\count333
\c@savededitorb=\count334
\c@editorc=\count335
\c@savededitorc=\count336
\c@foreword=\count337
\c@savedforeword=\count338
\c@holder=\count339
\c@savedholder=\count340
\c@introduction=\count341
\c@savedintroduction=\count342
\c@namea=\count343
\c@savednamea=\count344
\c@nameb=\count345
\c@savednameb=\count346
\c@namec=\count347
\c@savednamec=\count348
\c@translator=\count349
\c@savedtranslator=\count350
\c@shortauthor=\count351
\c@savedshortauthor=\count352
\c@shorteditor=\count353
\c@savedshorteditor=\count354
\c@labelname=\count355
\c@savedlabelname=\count356
\c@institution=\count357
\c@savedinstitution=\count358
\c@lista=\count359
\c@savedlista=\count360
\c@listb=\count361
\c@savedlistb=\count362
\c@listc=\count363
\c@savedlistc=\count364
\c@listd=\count365
\c@savedlistd=\count366
\c@liste=\count367
\c@savedliste=\count368
\c@listf=\count369
\c@savedlistf=\count370
\c@location=\count371
\c@savedlocation=\count372
\c@organization=\count373
\c@savedorganization=\count374
\c@origlocation=\count375
\c@savedoriglocation=\count376
\c@origpublisher=\count377
\c@savedorigpublisher=\count378
\c@publisher=\count379
\c@savedpublisher=\count380
\c@language=\count381
\c@savedlanguage=\count382
\c@origlanguage=\count383
\c@savedoriglanguage=\count384
\c@pageref=\count385
\c@savedpageref=\count386
\shorthandwidth=\skip61
\shortjournalwidth=\skip62
\shortserieswidth=\skip63
\shorttitlewidth=\skip64
\shortauthorwidth=\skip65
\shorteditorwidth=\skip66
\locallabelnumberwidth=\skip67
\locallabelalphawidth=\skip68
\localshorthandwidth=\skip69
\localshortjournalwidth=\skip70
\localshortserieswidth=\skip71
\localshorttitlewidth=\skip72
\localshortauthorwidth=\skip73
\localshorteditorwidth=\skip74
Package biblatex Info: Trying to load compatibility code...
Package biblatex Info: ... file 'blx-compat.def' found.

(/usr/local/texlive/2023/texmf-dist/tex/latex/biblatex/blx-compat.def
File: blx-compat.def 2023/03/05 v3.19 biblatex compatibility (PK/MW)
)
Package biblatex Info: Trying to load generic definitions...
Package biblatex Info: ... file 'biblatex.def' found.

(/usr/local/texlive/2023/texmf-dist/tex/latex/biblatex/biblatex.def
File: biblatex.def 2023/03/05 v3.19 biblatex compatibility (PK/MW)
\c@textcitecount=\count387
\c@textcitetotal=\count388
\c@textcitemaxnames=\count389
\c@biburlbigbreakpenalty=\count390
\c@biburlbreakpenalty=\count391
\c@biburlnumpenalty=\count392
\c@biburlucpenalty=\count393
\c@biburllcpenalty=\count394
\biburlbigskip=\muskip18
\biburlnumskip=\muskip19
\biburlucskip=\muskip20
\biburllcskip=\muskip21
\c@smartand=\count395
)
Package biblatex Info: Trying to load bibliography style 'numeric'...
Package biblatex Info: ... file 'numeric.bbx' found.

(/usr/local/texlive/2023/texmf-dist/tex/latex/biblatex/bbx/numeric.bbx
File: numeric.bbx 2023/03/05 v3.19 biblatex bibliography style (PK/MW)
Package biblatex Info: Trying to load bibliography style 'standard'...
Package biblatex Info: ... file 'standard.bbx' found.

(/usr/local/texlive/2023/texmf-dist/tex/latex/biblatex/bbx/standard.bbx
File: standard.bbx 2023/03/05 v3.19 biblatex bibliography style (PK/MW)
\c@bbx:relatedcount=\count396
\c@bbx:relatedtotal=\count397
))
Package biblatex Info: Trying to load citation style 'numeric'...
Package biblatex Info: ... file 'numeric.cbx' found.

(/usr/local/texlive/2023/texmf-dist/tex/latex/biblatex/cbx/numeric.cbx
File: numeric.cbx 2023/03/05 v3.19 biblatex citation style (PK/MW)
Package biblatex Info: Redefining '\cite'.
Package biblatex Info: Redefining '\parencite'.
Package biblatex Info: Redefining '\footcite'.
Package biblatex Info: Redefining '\footcitetext'.
Package biblatex Info: Redefining '\smartcite'.
Package biblatex Info: Redefining '\supercite'.
Package biblatex Info: Redefining '\textcite'.
Package biblatex Info: Redefining '\textcites'.
Package biblatex Info: Redefining '\cites'.
Package biblatex Info: Redefining '\parencites'.
Package biblatex Info: Redefining '\smartcites'.
)
Package biblatex Info: Trying to load configuration file...
Package biblatex Info: ... file 'biblatex.cfg' found.

(/usr/local/texlive/2023/texmf-dist/tex/latex/biblatex/biblatex.cfg
File: biblatex.cfg 
)
Package biblatex Info: Input encoding 'utf8' detected.
Package biblatex Info: Document encoding is UTF8 ....

(/usr/local/texlive/2023/texmf-dist/tex/generic/tex4ht/expl3-hooks.4ht
version 2020-10-17-13:53
)
(/usr/local/texlive/2023/texmf-dist/tex/latex/l3kernel/expl3.sty
Package: expl3 2023-02-22 L3 programming layer (loader) 

(/usr/local/texlive/2023/texmf-dist/tex/latex/l3backend/l3backend-dvips.def
File: l3backend-dvips.def 2023-01-16 L3 backend support: dvips
\l__pdf_internal_box=\box53
\g__pdf_backend_object_int=\count398
\l__pdf_backend_content_box=\box54
\l__pdf_backend_model_box=\box55
\g__pdf_backend_annotation_int=\count399
\g__pdf_backend_link_int=\count400
\g__pdf_backend_link_sf_int=\count401
))
Package biblatex Info: ... and expl3
(biblatex)             2023-02-22 L3 programming layer (loader) 
(biblatex)             is new enough (at least 2020/04/06),
(biblatex)             setting 'casechanger=expl3'.

(/usr/local/texlive/2023/texmf-dist/tex/latex/biblatex/blx-case-expl3.sty
(/usr/local/texlive/2023/texmf-dist/tex/generic/tex4ht/expl3-hooks.4ht
version 2020-10-17-13:53
)
(/usr/local/texlive/2023/texmf-dist/tex/latex/l3packages/xparse/xparse.sty
(/usr/local/texlive/2023/texmf-dist/tex/generic/tex4ht/expl3-hooks.4ht
version 2020-10-17-13:53
)
Package: xparse 2023-02-02 L3 Experimental document command parser
)
Package: blx-case-expl3 2023/03/05 v3.19 expl3 case changing code for biblatex
))
(/usr/local/texlive/2023/texmf-dist/tex/generic/tex4ht/tex4ht.4ht
version 2022-07-05-14:37
--------------------------------------
--- Note --- for additional information, use the command line option `info'
--------------------------------------

::::::::::::::::::::::::::::::::::::::::::
 TeX4ht info is available in the log file 
::::::::::::::::::::::::::::::::::::::::::
) (/usr/local/texlive/2023/texmf-dist/tex/generic/tex4ht/tex4ht.sty
version 2023-02-03-14:48

l.864 --- TeX4ht warning --- nonprimitive \everypar ---
--- needs --- tex4ht symmetric_polynomials ---
\tmp:cnt=\count402
\openout15 = `symmetric_polynomials.tmp'.

(./symmetric_polynomials.tmp)
\tmp:dim=\skip75
--------------------------------------
--- Note --- for XML code, use the command line option `xml' or `xhtml'
--------------------------------------
 (./symmetric_polynomials.xref)
\:refout=\write4
\openout4 = `symmetric_polynomials.xref'.


(/usr/local/texlive/2023/texmf-dist/tex/generic/tex4ht/html4.4ht
version 2023-03-02-13:31
--------------------------------------
--- Note --- to remove the <?xml version=...?> processing instruction use the c
ommand line option `no-VERSION'
--------------------------------------
--------------------------------------
--- Note --- to remove the DOCTYPE declaration use the command line option `no-
DOCTYPE'
--------------------------------------
)
(/usr/local/texlive/2023/texmf-dist/tex/generic/tex4ht/html4-math.4ht
version 2022-10-25-13:59
)
--------------------------------------
--- Note --- for marking of the base font, use the command line option `fonts+'

--------------------------------------
--------------------------------------
--- Note --- for non active _, use the command line option `no_'
--------------------------------------
--------------------------------------
--- Note --- for _ of catcode 13, use the command line option `_13'
--------------------------------------
--------------------------------------
--- Note --- for non active ^, use the command line option `no^'
--------------------------------------
--------------------------------------
--- Note --- for ^ of catcode 13, use the command line option `^13'
--------------------------------------

(/usr/local/texlive/2023/texmf-dist/tex/generic/tex4ht/html4.4ht
version 2023-03-02-13:31
--------------------------------------
--- Note --- for alternative charset, use the command line option `charset=...'

--------------------------------------
--------------------------------------
--- Note --- to ignore CSS font decoration, use the `NoFonts' command line opti
on
--------------------------------------
--------------------------------------
--- Note --- for jpg bitmaps of pictures, use the `jpg' command line option. (C
haracter bitmaps are controled only by `g' records of tex4ht.env and `-g' switc
hes of tex4ht.c) 
--------------------------------------
--------------------------------------
--- Note --- for gif bitmaps of pictures, use the `gif' command line option. (C
haracter bitmaps are controled only by `g' records of tex4ht.env and `-g' switc
hes of tex4ht.c) 
--------------------------------------
--------------------------------------
--- Note --- for content and toc in 2 frames, use the command line option `fram
es'
--------------------------------------
--------------------------------------
--- Note --- for content, toc, and footnotes in 3 frames, use the command line 
option `frames-fn'
--------------------------------------
--------------------------------------
--- Note --- for file extension name xht, use the command line option `xht'
--------------------------------------
TeX4ht package options: html
--------------------------------------
--- Note --- To print a timestamp, use the command line option timestamp
--------------------------------------
--------------------------------------
--- Note --- to ignore CSS code, use the command line option `-css
--------------------------------------
--------------------------------------
--- Note --- for inline CSS code, use the command line option `css-in'
--------------------------------------
--------------------------------------
--- Note --- for pop ups on mouse over, use the command line option `mouseover'

--------------------------------------
--------------------------------------
--- Note --- for addressing images in a subdirectory, use the command line opti
on `imgdir:.../'
--------------------------------------
)
(/usr/local/texlive/2023/texmf-dist/tex/generic/tex4ht/html4-math.4ht
version 2022-10-25-13:59
)
\:tokwrite=\toks23
\:tokpage=\toks24
--------------------------------------
--- Note --- for back links to toc, use the command line option `sections+'
--------------------------------------
--------------------------------------
--- Note --- for linear crosslinks of pages, use the command line option `next'

--------------------------------------
\openout15 = `symmetric_polynomials.4ct'.

\:tocout=\write5
\openout5 = `symmetric_polynomials.4tc'.


(symmetric_polynomials.4tc)
(/usr/local/texlive/2023/texmf-dist/tex/generic/tex4ht/html4.4ht
version 2023-03-02-13:31
)
(/usr/local/texlive/2023/texmf-dist/tex/generic/tex4ht/html4-math.4ht
version 2022-10-25-13:59
)
(/usr/local/texlive/2023/texmf-dist/tex/generic/tex4ht/latex.4ht
version 2022-12-26-13:00
LaTeX Info: Redefining \_ on input line 177.
LaTeX Info: Redefining \begin on input line 595.
LaTeX Info: Redefining \end on input line 643.
LaTeX Info: Redefining \, on input line 805.
LaTeX Info: Redefining \; on input line 806.
LaTeX Info: Redefining \! on input line 807.
LaTeX Info: Redefining \: on input line 808.
LaTeX Info: Redefining \> on input line 809.
--------------------------------------
--- Note --- for links into captions, instead of float heads, use the command l
ine option `refcaption'
--------------------------------------

(/usr/local/texlive/2023/texmf-dist/tex/generic/tex4ht/html4.4ht
version 2023-03-02-13:31
)
(/usr/local/texlive/2023/texmf-dist/tex/generic/tex4ht/html4-math.4ht
version 2022-10-25-13:59
)
(/usr/local/texlive/2023/texmf-dist/tex/generic/tex4ht/html4.4ht
version 2023-03-02-13:31
--------------------------------------
--- Note --- For mini tocs immediately aftter the header use the command line o
ption `minitoc<'
--------------------------------------
--------------------------------------
--- Note --- for enumerated list elements with valued data, use the command lin
e option `enumerate+'
--------------------------------------
--------------------------------------
--- Note --- for enumerated list elements li's with value attributes, use the c
ommand line option `enumerate-'
--------------------------------------
--------------------------------------
--- Note --- for CSS2 code, use the command line option `css2'
--------------------------------------
--------------------------------------
--- Note --- for pictorial tabular, use the command line option `pic-tabular'
--------------------------------------
--------------------------------------
--- Note --- for bitmap fbox'es, use the command line option `pic-fbox'
--------------------------------------
--------------------------------------
--- Note --- for bitmap framebox'es, use the command line option `pic-framebox'

--------------------------------------
--------------------------------------
--- Note --- for inline footnotes use command line option `fn-in'
--------------------------------------
--------------------------------------
--- Note --- for tracing of latex font commands, use the command line option `f
onts'
--------------------------------------
--------------------------------------
--- Note --- for width specifications of tabular p entries, use the `p-width' c
ommand line option or a configuration similar to \Configure{HColWidth}{\HCode{ 
style="width:\HColWidth"}}
--------------------------------------
)
(/usr/local/texlive/2023/texmf-dist/tex/generic/tex4ht/html4-math.4ht
version 2022-10-25-13:59
--------------------------------------
--- Note --- for pictorial eqnarray, use the command line option `pic-eqnarray'

--------------------------------------
--------------------------------------
--- Note --- for pictorial array, use the command line option `pic-array'
--------------------------------------
--------------------------------------
--- Note --- for pictorial $...$ environments, use the command line option `pic
-m' (not recommended!!)
--------------------------------------
--------------------------------------
--- Note --- for pictorial $...$ and $$...$$ environments with latex alt, use t
he command line option `pic-m+' (not safe!!)
--------------------------------------
--------------------------------------
--- Note --- for pictorial array, use the command line option `pic-array'
--------------------------------------
))
(/usr/local/texlive/2023/texmf-dist/tex/generic/tex4ht/fontmath.4ht
version 2022-10-25-13:59

(/usr/local/texlive/2023/texmf-dist/tex/generic/tex4ht/html4.4ht
version 2023-03-02-13:31
)
(/usr/local/texlive/2023/texmf-dist/tex/generic/tex4ht/html4-math.4ht
version 2022-10-25-13:59
))
(/usr/local/texlive/2023/texmf-dist/tex/generic/tex4ht/article.4ht
version 2023-02-25-15:08

(/usr/local/texlive/2023/texmf-dist/tex/generic/tex4ht/html4.4ht
version 2023-03-02-13:31
--------------------------------------
--- Note --- for automatic sectioning pagination, use the command line option `
1', `2', `3', '4', '5', '6', or '7'
--------------------------------------
--------------------------------------
--- Note --- for files named derived from section titles, use the command line 
option `sec-filename'
--------------------------------------
--------------------------------------
--- Note --- for i-columns index, use the command line option `index=i' (e.g., 
index=2)
--------------------------------------
)
(/usr/local/texlive/2023/texmf-dist/tex/generic/tex4ht/html4-math.4ht
version 2022-10-25-13:59
))
(/usr/local/texlive/2023/texmf-dist/tex/generic/tex4ht/graphicx.4ht
version 2022-01-12-13:53

(/usr/local/texlive/2023/texmf-dist/tex/generic/tex4ht/html4.4ht
version 2023-03-02-13:31
)
(/usr/local/texlive/2023/texmf-dist/tex/generic/tex4ht/html4-math.4ht
version 2022-10-25-13:59
))
(/usr/local/texlive/2023/texmf-dist/tex/generic/tex4ht/graphics.4ht
version 2022-03-20-14:29

(/usr/local/texlive/2023/texmf-dist/tex/generic/tex4ht/html4.4ht
version 2023-03-02-13:31
--------------------------------------
--- Note --- if included graphics are of degraded quality, try the command line
 options `graphics-num' or `graphics-'. The `num' should provide the density of
 pixels in the bitmaps (e.g., 110). 
--------------------------------------
--------------------------------------
--- Note --- for setting image dimensions, try the option `Gin-dim'; to use per
cents instead of units, use `Gin-perecent'; for key dimensions when bounding bo
x is unavailable try `Gin-dim+'; neither is recommended
--------------------------------------
)
(/usr/local/texlive/2023/texmf-dist/tex/generic/tex4ht/html4-math.4ht
version 2022-10-25-13:59
))
(/usr/local/texlive/2023/texmf-dist/tex/generic/tex4ht/dvips.4ht
version 2009-05-21-09:32

(/usr/local/texlive/2023/texmf-dist/tex/generic/tex4ht/html4.4ht
version 2023-03-02-13:31
)
(/usr/local/texlive/2023/texmf-dist/tex/generic/tex4ht/html4-math.4ht
version 2022-10-25-13:59
))
(/usr/local/texlive/2023/texmf-dist/tex/generic/tex4ht/amsmath.4ht
version 2019-12-29-14:17
\tmp:muskip=\muskip22

(/usr/local/texlive/2023/texmf-dist/tex/generic/tex4ht/html4.4ht
version 2023-03-02-13:31
)
(/usr/local/texlive/2023/texmf-dist/tex/generic/tex4ht/html4-math.4ht
version 2022-10-25-13:59
LaTeX Info: Redefining \[ on input line 507.
LaTeX Info: Redefining \] on input line 507.
))
(/usr/local/texlive/2023/texmf-dist/tex/generic/tex4ht/amstext.4ht
version 2009-05-21-09:32

(/usr/local/texlive/2023/texmf-dist/tex/generic/tex4ht/html4.4ht
version 2023-03-02-13:31
)
(/usr/local/texlive/2023/texmf-dist/tex/generic/tex4ht/html4-math.4ht
version 2022-10-25-13:59
))
(/usr/local/texlive/2023/texmf-dist/tex/generic/tex4ht/amsbsy.4ht
version 2009-05-21-09:32

(/usr/local/texlive/2023/texmf-dist/tex/generic/tex4ht/html4.4ht
version 2023-03-02-13:31
)
(/usr/local/texlive/2023/texmf-dist/tex/generic/tex4ht/html4-math.4ht
version 2022-10-25-13:59
))
(/usr/local/texlive/2023/texmf-dist/tex/generic/tex4ht/amsopn.4ht
version 2009-05-21-09:32

(/usr/local/texlive/2023/texmf-dist/tex/generic/tex4ht/html4.4ht
version 2023-03-02-13:31
)
(/usr/local/texlive/2023/texmf-dist/tex/generic/tex4ht/html4-math.4ht
version 2022-10-25-13:59
))
(/usr/local/texlive/2023/texmf-dist/tex/generic/tex4ht/amssymb.4ht
version 2009-05-21-09:32

(/usr/local/texlive/2023/texmf-dist/tex/generic/tex4ht/html4.4ht
version 2023-03-02-13:31
)
(/usr/local/texlive/2023/texmf-dist/tex/generic/tex4ht/html4-math.4ht
version 2022-10-25-13:59
))
(/usr/local/texlive/2023/texmf-dist/tex/generic/tex4ht/amsfonts.4ht
version 2009-05-21-09:32

(/usr/local/texlive/2023/texmf-dist/tex/generic/tex4ht/html4.4ht
version 2023-03-02-13:31
)
(/usr/local/texlive/2023/texmf-dist/tex/generic/tex4ht/html4-math.4ht
version 2022-10-25-13:59
))
(/usr/local/texlive/2023/texmf-dist/tex/generic/tex4ht/biblatex.4ht
version 2022-11-21-13:02
\sv:sec:cnt=\count403
\c@bib=\count404
\blx@unitmark=\skip76

(/usr/local/texlive/2023/texmf-dist/tex/generic/tex4ht/html4.4ht
version 2023-03-02-13:31
)
(/usr/local/texlive/2023/texmf-dist/tex/generic/tex4ht/html4-math.4ht
version 2022-10-25-13:59
))
(/usr/local/texlive/2023/texmf-dist/tex/generic/tex4ht/ifthen.4ht
version 2022-06-08-14:13

(/usr/local/texlive/2023/texmf-dist/tex/generic/tex4ht/html4.4ht
version 2023-03-02-13:31
)
(/usr/local/texlive/2023/texmf-dist/tex/generic/tex4ht/html4-math.4ht
version 2022-10-25-13:59
))
(/usr/local/texlive/2023/texmf-dist/tex/generic/tex4ht/url.4ht
version 2023-02-19-10:11

(/usr/local/texlive/2023/texmf-dist/tex/generic/tex4ht/html4.4ht
version 2023-03-02-13:31
--------------------------------------
--- Note --- for URL encoding within href use the command line option `url-enc'

--------------------------------------
)
(/usr/local/texlive/2023/texmf-dist/tex/generic/tex4ht/html4-math.4ht
version 2022-10-25-13:59
))
(/usr/local/texlive/2023/texmf-dist/tex/generic/tex4ht/html4.4ht
version 2023-03-02-13:31
)
(/usr/local/texlive/2023/texmf-dist/tex/generic/tex4ht/html4-math.4ht
version 2022-10-25-13:59
))

Package biblatex Warning: Patching footnotes failed.
(biblatex)                Footnote detection will not work.

\@quotelevel=\count405
\@quotereset=\count406
(./symmetric_polynomials.aux)
\openout1 = `symmetric_polynomials.aux'.

LaTeX Font Info:    Checking defaults for OML/cmm/m/it on input line 14.
LaTeX Font Info:    ... okay on input line 14.
LaTeX Font Info:    Checking defaults for OMS/cmsy/m/n on input line 14.
LaTeX Font Info:    ... okay on input line 14.
LaTeX Font Info:    Checking defaults for OT1/cmr/m/n on input line 14.
LaTeX Font Info:    ... okay on input line 14.
LaTeX Font Info:    Checking defaults for T1/cmr/m/n on input line 14.
LaTeX Font Info:    ... okay on input line 14.
LaTeX Font Info:    Checking defaults for TS1/cmr/m/n on input line 14.
LaTeX Font Info:    ... okay on input line 14.
LaTeX Font Info:    Checking defaults for OMX/cmex/m/n on input line 14.
LaTeX Font Info:    ... okay on input line 14.
LaTeX Font Info:    Checking defaults for U/cmr/m/n on input line 14.
LaTeX Font Info:    ... okay on input line 14.
Package biblatex Info: Trying to load language 'english'...
Package biblatex Info: ... file 'english.lbx' found.

(/usr/local/texlive/2023/texmf-dist/tex/latex/biblatex/lbx/english.lbx
File: english.lbx 2023/03/05 v3.19 biblatex localization (PK/MW)
)
Package biblatex Info: Input encoding 'utf8' detected.
Package biblatex Info: Automatic encoding selection.
(biblatex)             Assuming data encoding 'utf8'.
\openout3 = `symmetric_polynomials.bcf'.

Package biblatex Info: Trying to load bibliographic data...
Package biblatex Info: ... file 'symmetric_polynomials.bbl' not found.

No file symmetric_polynomials.bbl.
Package biblatex Info: Reference section=0 on input line 14.
Package biblatex Info: Reference segment=0 on input line 14.
--- file symmetric_polynomials.css ---
[1

] [2]
LaTeX Font Info:    Trying to load font information for U+msa on input line 17.

 (/usr/local/texlive/2023/texmf-dist/tex/latex/amsfonts/umsa.fd
File: umsa.fd 2013/01/14 v3.01 AMS symbols A
)
LaTeX Font Info:    Trying to load font information for U+msb on input line 17.


(/usr/local/texlive/2023/texmf-dist/tex/latex/amsfonts/umsb.fd
File: umsb.fd 2013/01/14 v3.01 AMS symbols B
)
l. 21 Writing symmetric_polynomials.idv[1] (symmetric_polynomials0x.png)
l. 21 Writing symmetric_polynomials.idv[2] (symmetric_polynomials1x.png)
l. 22 Writing symmetric_polynomials.idv[3] (symmetric_polynomials2x.png)
l. 25 Writing symmetric_polynomials.idv[4] (symmetric_polynomials3x.png)
l. 26 Writing symmetric_polynomials.idv[5] (symmetric_polynomials4x.png)
l. 31 Writing symmetric_polynomials.idv[6] (symmetric_polynomials5x.png)
l. 31 Writing symmetric_polynomials.idv[7] (symmetric_polynomials6x.png)
l. 31 Writing symmetric_polynomials.idv[8] (symmetric_polynomials7x.png)
l. 32 Writing symmetric_polynomials.idv[9] (symmetric_polynomials8x.png)
l. 35 Writing symmetric_polynomials.idv[10] (symmetric_polynomials9x.png)
l. 35 Writing symmetric_polynomials.idv[11] (symmetric_polynomials10x.png)
 [3]
l. 38 Writing symmetric_polynomials.idv[12] (symmetric_polynomials11x.png)
l. 38 Writing symmetric_polynomials.idv[13] (symmetric_polynomials12x.png)
l. 39 Writing symmetric_polynomials.idv[14] (symmetric_polynomials13x.png)
l. 42 Writing symmetric_polynomials.idv[15] (symmetric_polynomials14x.png)
l. 43 Writing symmetric_polynomials.idv[16] (symmetric_polynomials15x.png)
l. 51 Writing symmetric_polynomials.idv[17] (symmetric_polynomials16x.png)
l. 55 Writing symmetric_polynomials.idv[18] (symmetric_polynomials17x.png)
 [4]
l. 66 Writing symmetric_polynomials.idv[19] (symmetric_polynomials18x.png)
l. 70 Writing symmetric_polynomials.idv[20] (symmetric_polynomials19x.png)
l. 75 Writing symmetric_polynomials.idv[21] (symmetric_polynomials20x.png)
l. 80 Writing symmetric_polynomials.idv[22] (symmetric_polynomials21x.png)
l. 80 Writing symmetric_polynomials.idv[23] (symmetric_polynomials22x.png)
l. 80 Writing symmetric_polynomials.idv[24] (symmetric_polynomials23x.png)
l. 81 Writing symmetric_polynomials.idv[25] (symmetric_polynomials24x.png)
l. 86 Writing symmetric_polynomials.idv[26] (symmetric_polynomials25x.png)
l. 86 Writing symmetric_polynomials.idv[27] (symmetric_polynomials26x.png)
l. 86 Writing symmetric_polynomials.idv[28] (symmetric_polynomials27x.png)
l. 87 Writing symmetric_polynomials.idv[29] (symmetric_polynomials28x.png)
l. 91 Writing symmetric_polynomials.idv[30] (symmetric_polynomials29x.png)
l. 91 Writing symmetric_polynomials.idv[31] (symmetric_polynomials30x.png)

[5]
l. 96 Writing symmetric_polynomials.idv[32] (symmetric_polynomials31x.png)
l. 103 Writing symmetric_polynomials.idv[33] (symmetric_polynomials32x.png)
l. 104 Writing symmetric_polynomials.idv[34] (symmetric_polynomials33x.png)
l. 111 Writing symmetric_polynomials.idv[35] (symmetric_polynomials34x.png)
l. 111 Writing symmetric_polynomials.idv[36] (symmetric_polynomials35x.png)
l. 111 Writing symmetric_polynomials.idv[37] (symmetric_polynomials36x.png)
l. 112 Writing symmetric_polynomials.idv[38] (symmetric_polynomials37x.png)
l. 116 Writing symmetric_polynomials.idv[39] (symmetric_polynomials38x.png)
l. 117 Writing symmetric_polynomials.idv[40] (symmetric_polynomials39x.png)
l. 121 Writing symmetric_polynomials.idv[41] (symmetric_polynomials40x.png)
l. 128 Writing symmetric_polynomials.idv[42] (symmetric_polynomials41x.png)
l. 129 Writing symmetric_polynomials.idv[43] (symmetric_polynomials42x.png)
l. 136 Writing symmetric_polynomials.idv[44] (symmetric_polynomials43x.png)
l. 136 Writing symmetric_polynomials.idv[45] (symmetric_polynomials44x.png)
l. 137 Writing symmetric_polynomials.idv[46] (symmetric_polynomials45x.png)
l. 142 Writing symmetric_polynomials.idv[47] (symmetric_polynomials46x.png)
l. 142 Writing symmetric_polynomials.idv[48] (symmetric_polynomials47x.png)
l. 143 Writing symmetric_polynomials.idv[49] (symmetric_polynomials48x.png)
l. 158 Writing symmetric_polynomials.idv[50] (symmetric_polynomials49x.png)
l. 158 Writing symmetric_polynomials.idv[51] (symmetric_polynomials50x.png)
l. 158 Writing symmetric_polynomials.idv[52] (symmetric_polynomials51x.png)
l. 159 Writing symmetric_polynomials.idv[53] (symmetric_polynomials52x.png)
l. 164 Writing symmetric_polynomials.idv[54] (symmetric_polynomials53x.png)
l. 167 Writing symmetric_polynomials.idv[55] (symmetric_polynomials54x.png)
l. 168 Writing symmetric_polynomials.idv[56] (symmetric_polynomials55x.png)
l. 171 Writing symmetric_polynomials.idv[57] (symmetric_polynomials56x.png)
l. 171 Writing symmetric_polynomials.idv[58] (symmetric_polynomials57x.png)
l. 171 Writing symmetric_polynomials.idv[59] (symmetric_polynomials58x.png)
l. 172 Writing symmetric_polynomials.idv[60] (symmetric_polynomials59x.png)
l. 177 Writing symmetric_polynomials.idv[61] (symmetric_polynomials60x.png)
l. 178 Writing symmetric_polynomials.idv[62] (symmetric_polynomials61x.png)
l. 181 Writing symmetric_polynomials.idv[63] (symmetric_polynomials62x.png)
l. 181 Writing symmetric_polynomials.idv[64] (symmetric_polynomials63x.png)
l. 181 Writing symmetric_polynomials.idv[65] (symmetric_polynomials64x.png)
l. 181 Writing symmetric_polynomials.idv[66] (symmetric_polynomials65x.png)
 [6] [7] [8] [9] (./symmetric_polynomials.4ct) [10]
(./symmetric_polynomials.aux)
Package logreq Info: Writing requests to 'symmetric_polynomials.run.xml'.
\openout1 = `symmetric_polynomials.run.xml'.

 ) 
Here is how much of TeX's memory you used:
 14263 strings out of 476026
 240451 string characters out of 5790042
 1877385 words of memory out of 5000000
 34497 multiletter control sequences out of 15000+600000
 519703 words of font info for 62 fonts, out of 8000000 for 9000
 1141 hyphenation exceptions out of 8191
 67i,16n,80p,1306b,801s stack positions out of 10000i,1000n,20000p,200000b,200000s

Output written on symmetric_polynomials.dvi (10 pages, 49756 bytes).
